<?xml version="1.0" encoding="UTF-8"?>
<!-- Generated by org.testng.reporters.JUnitReportReporter -->
<testsuite hostname="DESKTOP-L4NSR6G" failures="0" tests="3" name="TestPackage.Login" time="52.266" errors="0" timestamp="2025-08-31T12:08:28 IST" skipped="0">
  <testcase classname="TestPackage.Login" name="testLogin" time="14.929"/>
  <testcase classname="TestPackage.Login" name="testLogin" time="25.542"/>
  <testcase classname="TestPackage.Login" name="testLogin" time="11.795"/>
</testsuite> <!-- TestPackage.Login -->
