<?xml version="1.0" encoding="UTF-8"?>
<!-- Generated by org.testng.reporters.JUnitReportReporter -->
<testsuite hostname="DESKTOP-L4NSR6G" failures="0" tests="3" name="TestPackage.LoginTest" time="47.323" errors="0" timestamp="2025-08-31T12:29:05 IST" skipped="0">
  <testcase classname="TestPackage.LoginTest" name="testLogin" time="11.331"/>
  <testcase classname="TestPackage.LoginTest" name="testLogin" time="12.487"/>
  <testcase classname="TestPackage.LoginTest" name="testLogin" time="23.505"/>
</testsuite> <!-- TestPackage.LoginTest -->
